[debug] [2021-06-04T09:28:54.262Z] ----------------------------------------------------------------------
[debug] [2021-06-04T09:28:54.264Z] Command:       C:\Program Files\nodejs\node.exe C:\Users\asus\AppData\Roaming\npm\node_modules\firebase-tools\lib\bin\firebase.js deploy
[debug] [2021-06-04T09:28:54.264Z] CLI Version:   9.12.0
[debug] [2021-06-04T09:28:54.264Z] Platform:      win32
[debug] [2021-06-04T09:28:54.264Z] Node Version:  v12.18.0
[debug] [2021-06-04T09:28:54.265Z] Time:          Fri Jun 04 2021 02:28:54 GMT-0700 (Pacific Daylight Time)
[debug] [2021-06-04T09:28:54.266Z] ----------------------------------------------------------------------
[debug] 
[debug] [2021-06-04T09:28:54.273Z] > command requires scopes: ["email","openid","https://www.googleapis.com/auth/cloudplatformprojects.readonly","https://www.googleapis.com/auth/firebase","https://www.googleapis.com/auth/cloud-platform"]
[debug] [2021-06-04T09:28:54.273Z] > authorizing via signed-in user (ravishankar2615@gmail.com)
[debug] [2021-06-04T09:28:54.273Z] [iam] checking project ravishankar2615-portfolio for permissions ["firebase.projects.get","firebasehosting.sites.update"]
[debug] [2021-06-04T09:28:54.276Z] >>> HTTP REQUEST POST https://cloudresourcemanager.googleapis.com/v1/projects/ravishankar2615-portfolio:testIamPermissions  
 {"permissions":["firebase.projects.get","firebasehosting.sites.update"]}
[debug] [2021-06-04T09:34:43.089Z] ----------------------------------------------------------------------
[debug] [2021-06-04T09:34:43.091Z] Command:       C:\Program Files\nodejs\node.exe C:\Users\asus\AppData\Roaming\npm\node_modules\firebase-tools\lib\bin\firebase.js deploy
[debug] [2021-06-04T09:34:43.091Z] CLI Version:   9.12.0
[debug] [2021-06-04T09:34:43.092Z] Platform:      win32
[debug] [2021-06-04T09:34:43.092Z] Node Version:  v12.18.0
[debug] [2021-06-04T09:34:43.093Z] Time:          Fri Jun 04 2021 02:34:43 GMT-0700 (Pacific Daylight Time)
[debug] [2021-06-04T09:34:43.093Z] ----------------------------------------------------------------------
[debug] 
[debug] [2021-06-04T09:34:43.100Z] > command requires scopes: ["email","openid","https://www.googleapis.com/auth/cloudplatformprojects.readonly","https://www.googleapis.com/auth/firebase","https://www.googleapis.com/auth/cloud-platform"]
[debug] [2021-06-04T09:34:43.101Z] > authorizing via signed-in user (ravishankar2615@gmail.com)
[debug] [2021-06-04T09:34:43.101Z] [iam] checking project ravishankar2615-portfolio for permissions ["firebase.projects.get","firebasehosting.sites.update"]
[debug] [2021-06-04T09:34:43.103Z] >>> HTTP REQUEST POST https://cloudresourcemanager.googleapis.com/v1/projects/ravishankar2615-portfolio:testIamPermissions  
 {"permissions":["firebase.projects.get","firebasehosting.sites.update"]}
[debug] [2021-06-04T09:34:43.115Z] [iam] error while checking permissions, command may fail: FirebaseError: Server Error. getaddrinfo ENOTFOUND cloudresourcemanager.googleapis.com
[debug] [2021-06-04T09:34:43.116Z] > refreshing access token with scopes: []
[debug] [2021-06-04T09:34:43.116Z] >>> HTTP REQUEST POST https://www.googleapis.com/oauth2/v3/token  
 <request body omitted>
[debug] [2021-06-04T09:34:43.119Z] Authentication Error: Your credentials are no longer valid. Please run firebase login --reauth

For CI servers and headless environments, generate a new token with firebase login:ci
[debug] [2021-06-04T09:34:43.124Z] FirebaseError: Authentication Error: Your credentials are no longer valid. Please run firebase login --reauth

For CI servers and headless environments, generate a new token with firebase login:ci
    at invalidCredentialError (C:\Users\asus\AppData\Roaming\npm\node_modules\firebase-tools\lib\auth.js:141:12)
    at refreshTokens (C:\Users\asus\AppData\Roaming\npm\node_modules\firebase-tools\lib\auth.js:448:15)
    at processTicksAndRejections (internal/process/task_queues.js:97:5)
[error] 
[error] Error: Failed to get Firebase project ravishankar2615-portfolio. Please make sure the project exists and your account has permission to access it.
[debug] [2021-06-04T09:49:56.898Z] ----------------------------------------------------------------------
[debug] [2021-06-04T09:49:56.900Z] Command:       C:\Program Files\nodejs\node.exe C:\Users\asus\AppData\Roaming\npm\node_modules\firebase-tools\lib\bin\firebase.js deploy
[debug] [2021-06-04T09:49:56.901Z] CLI Version:   9.12.0
[debug] [2021-06-04T09:49:56.901Z] Platform:      win32
[debug] [2021-06-04T09:49:56.901Z] Node Version:  v12.18.0
[debug] [2021-06-04T09:49:56.902Z] Time:          Fri Jun 04 2021 02:49:56 GMT-0700 (Pacific Daylight Time)
[debug] [2021-06-04T09:49:56.902Z] ----------------------------------------------------------------------
[debug] 
[debug] [2021-06-04T09:49:56.910Z] > command requires scopes: ["email","openid","https://www.googleapis.com/auth/cloudplatformprojects.readonly","https://www.googleapis.com/auth/firebase","https://www.googleapis.com/auth/cloud-platform"]
[debug] [2021-06-04T09:49:56.910Z] > authorizing via signed-in user (ravishankar2615@gmail.com)
[debug] [2021-06-04T09:49:56.910Z] [iam] checking project ravishankar2615-portfolio for permissions ["firebase.projects.get","firebasehosting.sites.update"]
[debug] [2021-06-04T09:49:56.913Z] >>> HTTP REQUEST POST https://cloudresourcemanager.googleapis.com/v1/projects/ravishankar2615-portfolio:testIamPermissions  
 {"permissions":["firebase.projects.get","firebasehosting.sites.update"]}
[debug] [2021-06-04T09:49:59.324Z] <<< HTTP RESPONSE 200 {"content-type":"application/json; charset=UTF-8","vary":"X-Origin, Referer, Origin,Accept-Encoding","date":"Thu, 03 Jun 2021 21:19:30 GMT","server":"ESF","cache-control":"private","x-xss-protection":"0","x-frame-options":"SAMEORIGIN","x-content-type-options":"nosniff","server-timing":"gfet4t7; dur=1350","alt-svc":"h3-29=\":443\"; ma=2592000,h3-T051=\":443\"; ma=2592000,h3-Q050=\":443\"; ma=2592000,h3-Q046=\":443\"; ma=2592000,h3-Q043=\":443\"; ma=2592000,quic=\":443\"; ma=2592000; v=\"46,43\"","accept-ranges":"none","transfer-encoding":"chunked"}
[debug] [2021-06-04T09:49:59.330Z] > refreshing access token with scopes: []
[debug] [2021-06-04T09:49:59.331Z] >>> HTTP REQUEST POST https://www.googleapis.com/oauth2/v3/token  
 <request body omitted>
[debug] [2021-06-04T10:39:25.054Z] ----------------------------------------------------------------------
[debug] [2021-06-04T10:39:25.056Z] Command:       C:\Program Files\nodejs\node.exe C:\Users\asus\AppData\Roaming\npm\node_modules\firebase-tools\lib\bin\firebase.js deploy
[debug] [2021-06-04T10:39:25.056Z] CLI Version:   9.12.0
[debug] [2021-06-04T10:39:25.056Z] Platform:      win32
[debug] [2021-06-04T10:39:25.056Z] Node Version:  v12.18.0
[debug] [2021-06-04T10:39:25.057Z] Time:          Fri Jun 04 2021 03:39:25 GMT-0700 (Pacific Daylight Time)
[debug] [2021-06-04T10:39:25.057Z] ----------------------------------------------------------------------
[debug] 
[debug] [2021-06-04T10:39:25.075Z] > command requires scopes: ["email","openid","https://www.googleapis.com/auth/cloudplatformprojects.readonly","https://www.googleapis.com/auth/firebase","https://www.googleapis.com/auth/cloud-platform"]
[debug] [2021-06-04T10:39:25.076Z] > authorizing via signed-in user (ravishankar2615@gmail.com)
[debug] [2021-06-04T10:39:25.076Z] [iam] checking project ravishankar2615-portfolio for permissions ["firebase.projects.get","firebasehosting.sites.update"]
[debug] [2021-06-04T10:39:25.078Z] > refreshing access token with scopes: ["email","https://www.googleapis.com/auth/cloud-platform","https://www.googleapis.com/auth/cloudplatformprojects.readonly","https://www.googleapis.com/auth/firebase","openid"]
[debug] [2021-06-04T10:39:25.078Z] >>> HTTP REQUEST POST https://www.googleapis.com/oauth2/v3/token  
 <request body omitted>
[debug] [2021-06-04T10:39:25.898Z] <<< HTTP RESPONSE 200 {"expires":"Mon, 01 Jan 1990 00:00:00 GMT","date":"Thu, 03 Jun 2021 22:08:57 GMT","pragma":"no-cache","cache-control":"no-cache, no-store, max-age=0, must-revalidate","content-type":"application/json; charset=utf-8","vary":"X-Origin, Referer, Origin,Accept-Encoding","server":"scaffolding on HTTPServer2","x-xss-protection":"0","x-frame-options":"SAMEORIGIN","x-content-type-options":"nosniff","alt-svc":"h3-29=\":443\"; ma=2592000,h3-T051=\":443\"; ma=2592000,h3-Q050=\":443\"; ma=2592000,h3-Q046=\":443\"; ma=2592000,h3-Q043=\":443\"; ma=2592000,quic=\":443\"; ma=2592000; v=\"46,43\"","accept-ranges":"none","transfer-encoding":"chunked"}
[debug] [2021-06-04T10:39:25.969Z] >>> HTTP REQUEST POST https://cloudresourcemanager.googleapis.com/v1/projects/ravishankar2615-portfolio:testIamPermissions  
 {"permissions":["firebase.projects.get","firebasehosting.sites.update"]}
[debug] [2021-06-04T10:39:28.024Z] <<< HTTP RESPONSE 200 {"content-type":"application/json; charset=UTF-8","vary":"X-Origin, Referer, Origin,Accept-Encoding","date":"Thu, 03 Jun 2021 22:08:59 GMT","server":"ESF","cache-control":"private","x-xss-protection":"0","x-frame-options":"SAMEORIGIN","x-content-type-options":"nosniff","server-timing":"gfet4t7; dur=1348","alt-svc":"h3-29=\":443\"; ma=2592000,h3-T051=\":443\"; ma=2592000,h3-Q050=\":443\"; ma=2592000,h3-Q046=\":443\"; ma=2592000,h3-Q043=\":443\"; ma=2592000,quic=\":443\"; ma=2592000; v=\"46,43\"","accept-ranges":"none","transfer-encoding":"chunked"}
[debug] [2021-06-04T10:39:28.029Z] > refreshing access token with scopes: []
[debug] [2021-06-04T10:39:28.030Z] >>> HTTP REQUEST POST https://www.googleapis.com/oauth2/v3/token  
 <request body omitted>
[debug] [2021-06-04T10:39:28.595Z] <<< HTTP RESPONSE 200 {"expires":"Mon, 01 Jan 1990 00:00:00 GMT","pragma":"no-cache","date":"Thu, 03 Jun 2021 22:08:59 GMT","cache-control":"no-cache, no-store, max-age=0, must-revalidate","content-type":"application/json; charset=utf-8","vary":"X-Origin, Referer, Origin,Accept-Encoding","server":"scaffolding on HTTPServer2","x-xss-protection":"0","x-frame-options":"SAMEORIGIN","x-content-type-options":"nosniff","alt-svc":"h3-29=\":443\"; ma=2592000,h3-T051=\":443\"; ma=2592000,h3-Q050=\":443\"; ma=2592000,h3-Q046=\":443\"; ma=2592000,h3-Q043=\":443\"; ma=2592000,quic=\":443\"; ma=2592000; v=\"46,43\"","accept-ranges":"none","transfer-encoding":"chunked"}
[debug] [2021-06-04T10:39:28.733Z] >>> [apiv2][query] GET https://firebase.googleapis.com/v1beta1/projects/ravishankar2615-portfolio [none]
[debug] [2021-06-04T10:39:29.902Z] <<< [apiv2][status] GET https://firebase.googleapis.com/v1beta1/projects/ravishankar2615-portfolio 200
[debug] [2021-06-04T10:39:29.903Z] <<< [apiv2][body] GET https://firebase.googleapis.com/v1beta1/projects/ravishankar2615-portfolio {"projectId":"ravishankar2615-portfolio","projectNumber":"378611122485","displayName":"ravishankar2615-portfolio","name":"projects/ravishankar2615-portfolio","resources":{"hostingSite":"ravishankar2615-portfolio"},"state":"ACTIVE"}
[info] 
[info] === Deploying to 'ravishankar2615-portfolio'...
[info] 
[info] i  deploying hosting 
[debug] [2021-06-04T10:39:29.917Z] > refreshing access token with scopes: ["email","https://www.googleapis.com/auth/cloud-platform","https://www.googleapis.com/auth/cloudplatformprojects.readonly","https://www.googleapis.com/auth/firebase","openid"]
[debug] [2021-06-04T10:39:29.918Z] >>> HTTP REQUEST POST https://www.googleapis.com/oauth2/v3/token  
 <request body omitted>
[debug] [2021-06-04T10:39:30.506Z] <<< HTTP RESPONSE 200 {"pragma":"no-cache","expires":"Mon, 01 Jan 1990 00:00:00 GMT","cache-control":"no-cache, no-store, max-age=0, must-revalidate","date":"Thu, 03 Jun 2021 22:09:01 GMT","content-type":"application/json; charset=utf-8","vary":"X-Origin, Referer, Origin,Accept-Encoding","server":"scaffolding on HTTPServer2","x-xss-protection":"0","x-frame-options":"SAMEORIGIN","x-content-type-options":"nosniff","alt-svc":"h3-29=\":443\"; ma=2592000,h3-T051=\":443\"; ma=2592000,h3-Q050=\":443\"; ma=2592000,h3-Q046=\":443\"; ma=2592000,h3-Q043=\":443\"; ma=2592000,quic=\":443\"; ma=2592000; v=\"46,43\"","accept-ranges":"none","transfer-encoding":"chunked"}
[debug] [2021-06-04T10:39:30.550Z] >>> HTTP REQUEST POST https://firebasehosting.googleapis.com/v1beta1/sites/ravishankar2615-portfolio/versions  
 {"config":{},"labels":{"deployment-tool":"cli-firebase"}}
[debug] [2021-06-04T10:39:52.562Z] Error: connect ETIMEDOUT 142.250.192.170:443
    at TCPConnectWrap.afterConnect [as oncomplete] (net.js:1141:16)
[error] 
[error] Error: Server Error. connect ETIMEDOUT 142.250.192.170:443
[debug] [2021-06-04T10:40:42.255Z] ----------------------------------------------------------------------
[debug] [2021-06-04T10:40:42.257Z] Command:       C:\Program Files\nodejs\node.exe C:\Users\asus\AppData\Roaming\npm\node_modules\firebase-tools\lib\bin\firebase.js deploy
[debug] [2021-06-04T10:40:42.257Z] CLI Version:   9.12.0
[debug] [2021-06-04T10:40:42.257Z] Platform:      win32
[debug] [2021-06-04T10:40:42.257Z] Node Version:  v12.18.0
[debug] [2021-06-04T10:40:42.258Z] Time:          Fri Jun 04 2021 03:40:42 GMT-0700 (Pacific Daylight Time)
[debug] [2021-06-04T10:40:42.259Z] ----------------------------------------------------------------------
[debug] 
[debug] [2021-06-04T10:40:42.266Z] > command requires scopes: ["email","openid","https://www.googleapis.com/auth/cloudplatformprojects.readonly","https://www.googleapis.com/auth/firebase","https://www.googleapis.com/auth/cloud-platform"]
[debug] [2021-06-04T10:40:42.266Z] > authorizing via signed-in user (ravishankar2615@gmail.com)
[debug] [2021-06-04T10:40:42.266Z] [iam] checking project ravishankar2615-portfolio for permissions ["firebase.projects.get","firebasehosting.sites.update"]
[debug] [2021-06-04T10:40:42.269Z] >>> HTTP REQUEST POST https://cloudresourcemanager.googleapis.com/v1/projects/ravishankar2615-portfolio:testIamPermissions  
 {"permissions":["firebase.projects.get","firebasehosting.sites.update"]}
[debug] [2021-06-04T10:40:44.149Z] <<< HTTP RESPONSE 200 {"content-type":"application/json; charset=UTF-8","vary":"X-Origin, Referer, Origin,Accept-Encoding","date":"Thu, 03 Jun 2021 22:10:15 GMT","server":"ESF","cache-control":"private","x-xss-protection":"0","x-frame-options":"SAMEORIGIN","x-content-type-options":"nosniff","server-timing":"gfet4t7; dur=1346","alt-svc":"h3-29=\":443\"; ma=2592000,h3-T051=\":443\"; ma=2592000,h3-Q050=\":443\"; ma=2592000,h3-Q046=\":443\"; ma=2592000,h3-Q043=\":443\"; ma=2592000,quic=\":443\"; ma=2592000; v=\"46,43\"","accept-ranges":"none","transfer-encoding":"chunked"}
[debug] [2021-06-04T10:40:44.151Z] > refreshing access token with scopes: []
[debug] [2021-06-04T10:40:44.151Z] >>> HTTP REQUEST POST https://www.googleapis.com/oauth2/v3/token  
 <request body omitted>
[debug] [2021-06-04T10:40:44.919Z] <<< HTTP RESPONSE 200 {"cache-control":"no-cache, no-store, max-age=0, must-revalidate","pragma":"no-cache","date":"Thu, 03 Jun 2021 22:10:16 GMT","expires":"Mon, 01 Jan 1990 00:00:00 GMT","content-type":"application/json; charset=utf-8","vary":"X-Origin, Referer, Origin,Accept-Encoding","server":"scaffolding on HTTPServer2","x-xss-protection":"0","x-frame-options":"SAMEORIGIN","x-content-type-options":"nosniff","alt-svc":"h3-29=\":443\"; ma=2592000,h3-T051=\":443\"; ma=2592000,h3-Q050=\":443\"; ma=2592000,h3-Q046=\":443\"; ma=2592000,h3-Q043=\":443\"; ma=2592000,quic=\":443\"; ma=2592000; v=\"46,43\"","accept-ranges":"none","transfer-encoding":"chunked"}
[debug] [2021-06-04T10:40:44.965Z] >>> [apiv2][query] GET https://firebase.googleapis.com/v1beta1/projects/ravishankar2615-portfolio [none]
[debug] [2021-06-04T10:41:06.033Z] Failed to make request to https://firebase.googleapis.com/v1beta1/projects/ravishankar2615-portfolio
[debug] [2021-06-04T10:41:27.268Z] FirebaseError: Failed to make request to https://firebase.googleapis.com/v1beta1/projects/ravishankar2615-portfolio
    at Client.doRequest (C:\Users\asus\AppData\Roaming\npm\node_modules\firebase-tools\lib\apiv2.js:211:19)
    at processTicksAndRejections (internal/process/task_queues.js:97:5)
[error] 
[error] Error: Failed to get Firebase project ravishankar2615-portfolio. Please make sure the project exists and your account has permission to access it.
[debug] [2021-06-04T10:41:34.697Z] ----------------------------------------------------------------------
[debug] [2021-06-04T10:41:34.699Z] Command:       C:\Program Files\nodejs\node.exe C:\Users\asus\AppData\Roaming\npm\node_modules\firebase-tools\lib\bin\firebase.js deploy
[debug] [2021-06-04T10:41:34.699Z] CLI Version:   9.12.0
[debug] [2021-06-04T10:41:34.699Z] Platform:      win32
[debug] [2021-06-04T10:41:34.700Z] Node Version:  v12.18.0
[debug] [2021-06-04T10:41:34.701Z] Time:          Fri Jun 04 2021 03:41:34 GMT-0700 (Pacific Daylight Time)
[debug] [2021-06-04T10:41:34.701Z] ----------------------------------------------------------------------
[debug] 
[debug] [2021-06-04T10:41:34.708Z] > command requires scopes: ["email","openid","https://www.googleapis.com/auth/cloudplatformprojects.readonly","https://www.googleapis.com/auth/firebase","https://www.googleapis.com/auth/cloud-platform"]
[debug] [2021-06-04T10:41:34.709Z] > authorizing via signed-in user (ravishankar2615@gmail.com)
[debug] [2021-06-04T10:41:34.709Z] [iam] checking project ravishankar2615-portfolio for permissions ["firebase.projects.get","firebasehosting.sites.update"]
[debug] [2021-06-04T10:41:34.711Z] > refreshing access token with scopes: ["email","https://www.googleapis.com/auth/cloud-platform","https://www.googleapis.com/auth/cloudplatformprojects.readonly","https://www.googleapis.com/auth/firebase","openid"]
[debug] [2021-06-04T10:41:34.711Z] >>> HTTP REQUEST POST https://www.googleapis.com/oauth2/v3/token  
 <request body omitted>
[debug] [2021-06-04T10:41:35.354Z] <<< HTTP RESPONSE 200 {"date":"Thu, 03 Jun 2021 22:11:06 GMT","expires":"Mon, 01 Jan 1990 00:00:00 GMT","pragma":"no-cache","cache-control":"no-cache, no-store, max-age=0, must-revalidate","content-type":"application/json; charset=utf-8","vary":"X-Origin, Referer, Origin,Accept-Encoding","server":"scaffolding on HTTPServer2","x-xss-protection":"0","x-frame-options":"SAMEORIGIN","x-content-type-options":"nosniff","alt-svc":"h3-29=\":443\"; ma=2592000,h3-T051=\":443\"; ma=2592000,h3-Q050=\":443\"; ma=2592000,h3-Q046=\":443\"; ma=2592000,h3-Q043=\":443\"; ma=2592000,quic=\":443\"; ma=2592000; v=\"46,43\"","accept-ranges":"none","transfer-encoding":"chunked"}
[debug] [2021-06-04T10:41:35.477Z] >>> HTTP REQUEST POST https://cloudresourcemanager.googleapis.com/v1/projects/ravishankar2615-portfolio:testIamPermissions  
 {"permissions":["firebase.projects.get","firebasehosting.sites.update"]}
[debug] [2021-06-04T10:41:56.520Z] [iam] error while checking permissions, command may fail: FirebaseError: Server Error. connect ETIMEDOUT 142.250.192.170:443
[debug] [2021-06-04T10:41:56.524Z] > refreshing access token with scopes: []
[debug] [2021-06-04T10:41:56.525Z] >>> HTTP REQUEST POST https://www.googleapis.com/oauth2/v3/token  
 <request body omitted>
[debug] [2021-06-04T10:42:17.587Z] Authentication Error: Your credentials are no longer valid. Please run firebase login --reauth

For CI servers and headless environments, generate a new token with firebase login:ci
[debug] [2021-06-04T10:42:18.342Z] FirebaseError: Authentication Error: Your credentials are no longer valid. Please run firebase login --reauth

For CI servers and headless environments, generate a new token with firebase login:ci
    at invalidCredentialError (C:\Users\asus\AppData\Roaming\npm\node_modules\firebase-tools\lib\auth.js:141:12)
    at refreshTokens (C:\Users\asus\AppData\Roaming\npm\node_modules\firebase-tools\lib\auth.js:448:15)
    at processTicksAndRejections (internal/process/task_queues.js:97:5)
[error] 
[error] Error: Failed to get Firebase project ravishankar2615-portfolio. Please make sure the project exists and your account has permission to access it.
[debug] [2021-06-04T10:42:23.635Z] ----------------------------------------------------------------------
[debug] [2021-06-04T10:42:23.637Z] Command:       C:\Program Files\nodejs\node.exe C:\Users\asus\AppData\Roaming\npm\node_modules\firebase-tools\lib\bin\firebase.js deploy
[debug] [2021-06-04T10:42:23.637Z] CLI Version:   9.12.0
[debug] [2021-06-04T10:42:23.638Z] Platform:      win32
[debug] [2021-06-04T10:42:23.638Z] Node Version:  v12.18.0
[debug] [2021-06-04T10:42:23.639Z] Time:          Fri Jun 04 2021 03:42:23 GMT-0700 (Pacific Daylight Time)
[debug] [2021-06-04T10:42:23.639Z] ----------------------------------------------------------------------
[debug] 
[debug] [2021-06-04T10:42:23.651Z] > command requires scopes: ["email","openid","https://www.googleapis.com/auth/cloudplatformprojects.readonly","https://www.googleapis.com/auth/firebase","https://www.googleapis.com/auth/cloud-platform"]
[debug] [2021-06-04T10:42:23.651Z] > authorizing via signed-in user (ravishankar2615@gmail.com)
[debug] [2021-06-04T10:42:23.652Z] [iam] checking project ravishankar2615-portfolio for permissions ["firebase.projects.get","firebasehosting.sites.update"]
[debug] [2021-06-04T10:42:23.654Z] >>> HTTP REQUEST POST https://cloudresourcemanager.googleapis.com/v1/projects/ravishankar2615-portfolio:testIamPermissions  
 {"permissions":["firebase.projects.get","firebasehosting.sites.update"]}
[debug] [2021-06-04T10:42:25.510Z] <<< HTTP RESPONSE 200 {"content-type":"application/json; charset=UTF-8","vary":"X-Origin, Referer, Origin,Accept-Encoding","date":"Thu, 03 Jun 2021 22:11:56 GMT","server":"ESF","cache-control":"private","x-xss-protection":"0","x-frame-options":"SAMEORIGIN","x-content-type-options":"nosniff","server-timing":"gfet4t7; dur=1355","alt-svc":"h3-29=\":443\"; ma=2592000,h3-T051=\":443\"; ma=2592000,h3-Q050=\":443\"; ma=2592000,h3-Q046=\":443\"; ma=2592000,h3-Q043=\":443\"; ma=2592000,quic=\":443\"; ma=2592000; v=\"46,43\"","accept-ranges":"none","transfer-encoding":"chunked"}
[debug] [2021-06-04T10:42:25.515Z] > refreshing access token with scopes: []
[debug] [2021-06-04T10:42:25.516Z] >>> HTTP REQUEST POST https://www.googleapis.com/oauth2/v3/token  
 <request body omitted>
[debug] [2021-06-04T10:42:26.066Z] <<< HTTP RESPONSE 200 {"expires":"Mon, 01 Jan 1990 00:00:00 GMT","date":"Thu, 03 Jun 2021 22:11:57 GMT","cache-control":"no-cache, no-store, max-age=0, must-revalidate","pragma":"no-cache","content-type":"application/json; charset=utf-8","vary":"X-Origin, Referer, Origin,Accept-Encoding","server":"scaffolding on HTTPServer2","x-xss-protection":"0","x-frame-options":"SAMEORIGIN","x-content-type-options":"nosniff","alt-svc":"h3-29=\":443\"; ma=2592000,h3-T051=\":443\"; ma=2592000,h3-Q050=\":443\"; ma=2592000,h3-Q046=\":443\"; ma=2592000,h3-Q043=\":443\"; ma=2592000,quic=\":443\"; ma=2592000; v=\"46,43\"","accept-ranges":"none","transfer-encoding":"chunked"}
[debug] [2021-06-04T10:42:26.136Z] >>> [apiv2][query] GET https://firebase.googleapis.com/v1beta1/projects/ravishankar2615-portfolio [none]
[debug] [2021-06-04T10:42:27.111Z] <<< [apiv2][status] GET https://firebase.googleapis.com/v1beta1/projects/ravishankar2615-portfolio 200
[debug] [2021-06-04T10:42:27.111Z] <<< [apiv2][body] GET https://firebase.googleapis.com/v1beta1/projects/ravishankar2615-portfolio {"projectId":"ravishankar2615-portfolio","projectNumber":"378611122485","displayName":"ravishankar2615-portfolio","name":"projects/ravishankar2615-portfolio","resources":{"hostingSite":"ravishankar2615-portfolio"},"state":"ACTIVE"}
[info] 
[info] === Deploying to 'ravishankar2615-portfolio'...
[info] 
[info] i  deploying hosting 
[debug] [2021-06-04T10:42:27.116Z] > refreshing access token with scopes: ["email","https://www.googleapis.com/auth/cloud-platform","https://www.googleapis.com/auth/cloudplatformprojects.readonly","https://www.googleapis.com/auth/firebase","openid"]
[debug] [2021-06-04T10:42:27.117Z] >>> HTTP REQUEST POST https://www.googleapis.com/oauth2/v3/token  
 <request body omitted>
[debug] [2021-06-04T10:42:27.750Z] <<< HTTP RESPONSE 200 {"expires":"Mon, 01 Jan 1990 00:00:00 GMT","pragma":"no-cache","cache-control":"no-cache, no-store, max-age=0, must-revalidate","date":"Thu, 03 Jun 2021 22:11:58 GMT","content-type":"application/json; charset=utf-8","vary":"X-Origin, Referer, Origin,Accept-Encoding","server":"scaffolding on HTTPServer2","x-xss-protection":"0","x-frame-options":"SAMEORIGIN","x-content-type-options":"nosniff","alt-svc":"h3-29=\":443\"; ma=2592000,h3-T051=\":443\"; ma=2592000,h3-Q050=\":443\"; ma=2592000,h3-Q046=\":443\"; ma=2592000,h3-Q043=\":443\"; ma=2592000,quic=\":443\"; ma=2592000; v=\"46,43\"","accept-ranges":"none","transfer-encoding":"chunked"}
[debug] [2021-06-04T10:42:27.815Z] >>> HTTP REQUEST POST https://firebasehosting.googleapis.com/v1beta1/sites/ravishankar2615-portfolio/versions  
 {"config":{},"labels":{"deployment-tool":"cli-firebase"}}
[debug] [2021-06-04T10:44:31.482Z] ----------------------------------------------------------------------
[debug] [2021-06-04T10:44:31.484Z] Command:       C:\Program Files\nodejs\node.exe C:\Users\asus\AppData\Roaming\npm\node_modules\firebase-tools\lib\bin\firebase.js deploy
[debug] [2021-06-04T10:44:31.484Z] CLI Version:   9.12.0
[debug] [2021-06-04T10:44:31.484Z] Platform:      win32
[debug] [2021-06-04T10:44:31.484Z] Node Version:  v12.18.0
[debug] [2021-06-04T10:44:31.485Z] Time:          Fri Jun 04 2021 03:44:31 GMT-0700 (Pacific Daylight Time)
[debug] [2021-06-04T10:44:31.486Z] ----------------------------------------------------------------------
[debug] 
[debug] [2021-06-04T10:44:31.493Z] > command requires scopes: ["email","openid","https://www.googleapis.com/auth/cloudplatformprojects.readonly","https://www.googleapis.com/auth/firebase","https://www.googleapis.com/auth/cloud-platform"]
[debug] [2021-06-04T10:44:31.493Z] > authorizing via signed-in user (ravishankar2615@gmail.com)
[debug] [2021-06-04T10:44:31.493Z] [iam] checking project ravishankar2615-portfolio for permissions ["firebase.projects.get","firebasehosting.sites.update"]
[debug] [2021-06-04T10:44:31.495Z] >>> HTTP REQUEST POST https://cloudresourcemanager.googleapis.com/v1/projects/ravishankar2615-portfolio:testIamPermissions  
 {"permissions":["firebase.projects.get","firebasehosting.sites.update"]}
[debug] [2021-06-04T10:44:33.633Z] <<< HTTP RESPONSE 200 {"content-type":"application/json; charset=UTF-8","vary":"X-Origin, Referer, Origin,Accept-Encoding","date":"Thu, 03 Jun 2021 22:14:04 GMT","server":"ESF","cache-control":"private","x-xss-protection":"0","x-frame-options":"SAMEORIGIN","x-content-type-options":"nosniff","server-timing":"gfet4t7; dur=1352","alt-svc":"h3-29=\":443\"; ma=2592000,h3-T051=\":443\"; ma=2592000,h3-Q050=\":443\"; ma=2592000,h3-Q046=\":443\"; ma=2592000,h3-Q043=\":443\"; ma=2592000,quic=\":443\"; ma=2592000; v=\"46,43\"","accept-ranges":"none","transfer-encoding":"chunked"}
[debug] [2021-06-04T10:44:33.635Z] > refreshing access token with scopes: []
[debug] [2021-06-04T10:44:33.635Z] >>> HTTP REQUEST POST https://www.googleapis.com/oauth2/v3/token  
 <request body omitted>
[debug] [2021-06-04T10:44:54.833Z] Authentication Error: Your credentials are no longer valid. Please run firebase login --reauth

For CI servers and headless environments, generate a new token with firebase login:ci
